<?xml version="1.0" encoding="UTF-8"?><testsuite errors="0" failures="2" name="User behavior action" skipped="0" tests="4" time="98.58" timestamp="2019-10-06 10:36:57"><testcase name="TC-001 Verify error message when login with incorrect account"/><testcase name="TC-002 Verify login successful correct account"><failure message="expected:&lt;[Đăng nhập]&gt; but was:&lt;[Chào Kiều Văn Truyền]&gt;" type="java.lang.AssertionError">expected:&lt;[Đăng nhập]&gt; but was:&lt;[Chào Kiều Văn Truyền]&gt;</failure><system-err>expected:&lt;[Đăng nhập]&gt; but was:&lt;[Chào Kiều Văn Truyền]&gt;&#13;
automation.truyenqc.cucumber.scenario.UserScenario.i_see_on_the_Home_screen(UserScenario.java:42)&#13;
✽.I see 'Chào Kiều Văn Truyền' on the Home screen(src/test/resources/features/SystemScenario.feature:22)&#13;
</system-err></testcase><testcase name="TC-003 Search the product and add to card"><failure message="Expected condition failed: waiting for CardPages.itemName to be present (tried for 5 second(s) with 100 milliseconds interval)&#10;Build info: version: '3.141.59', revision: 'e82be7d358', time: '2018-11-14T08:17:03'&#10;System info: host: 'DESKTOP-HSRK9NN', ip: '192.168.1.21', os.name: 'Windows 10', os.arch: 'amd64', os.version: '10.0', java.version: '12.0.1'&#10;Driver info: driver.version: unknown&#10;Build info: version: '3.141.59', revision: 'e82be7d358', time: '2018-11-14T08:17:03'&#10;System info: host: 'DESKTOP-HSRK9NN', ip: '192.168.1.21', os.name: 'Windows 10', os.arch: 'amd64', os.version: '10.0', java.version: '12.0.1'&#10;Driver info: driver.version: unknown" type="net.thucydides.core.webdriver.exceptions.ElementShouldBePresentException">Expected condition failed: waiting for CardPages.itemName to be present (tried for 5 second(s) with 100 milliseconds interval)
Build info: version: '3.141.59', revision: 'e82be7d358', time: '2018-11-14T08:17:03'
System info: host: 'DESKTOP-HSRK9NN', ip: '192.168.1.21', os.name: 'Windows 10', os.arch: 'amd64', os.version: '10.0', java.version: '12.0.1'
Driver info: driver.version: unknown
Build info: version: '3.141.59', revision: 'e82be7d358', time: '2018-11-14T08:17:03'
System info: host: 'DESKTOP-HSRK9NN', ip: '192.168.1.21', os.name: 'Windows 10', os.arch: 'amd64', os.version: '10.0', java.version: '12.0.1'
Driver info: driver.version: unknown</failure><system-err>Expected condition failed: waiting for CardPages.itemName to be present (tried for 5 second(s) with 100 milliseconds interval)
Build info: version: '3.141.59', revision: 'e82be7d358', time: '2018-11-14T08:17:03'
System info: host: 'DESKTOP-HSRK9NN', ip: '192.168.1.21', os.name: 'Windows 10', os.arch: 'amd64', os.version: '10.0', java.version: '12.0.1'
Driver info: driver.version: unknown
Build info: version: '3.141.59', revision: 'e82be7d358', time: '2018-11-14T08:17:03'
System info: host: 'DESKTOP-HSRK9NN', ip: '192.168.1.21', os.name: 'Windows 10', os.arch: 'amd64', os.version: '10.0', java.version: '12.0.1'
Driver info: driver.version: unknown&#13;
automation.truyenqc.cucumber.pages.CardPages.check_product_name_is(CardPages.java:16)&#13;
automation.truyenqc.cucumber.steps.CardSteps.get_product_name(CardSteps.java:13)&#13;
automation.truyenqc.cucumber.scenario.UserScenario.i_should_see_the_product_on_the_Card_screen(UserScenario.java:82)&#13;
✽.I should see the 'Máy Quay DJI OSMO Pocket - Hàng Chính hãng' on the Card screen(src/test/resources/features/SystemScenario.feature:32)&#13;
</system-err></testcase></testsuite>